<?xml version="1.0" encoding="UTF-8" ?>
<testsuite errors="1" failures="0" hostname="ubuntu" name="gov.nih.nci.ncicb.cadsr.loader.test.parser.XMIParserTest" tests="1" time="0.0" timestamp="2010-02-10T00:15:12">
  <properties>
[...]
</properties>
  <error message="gov.nih.nci.ncicb.cadsr.loader.test.parser.XMIParserTest" type="java.lang.ClassNotFoundException">java.lang.ClassNotFoundException: gov.nih.nci.ncicb.cadsr.loader.test.parser.XMIParserTest
	at java.net.URLClassLoader$1.run(URLClassLoader.java:200)
	at java.security.AccessController.doPrivileged(Native Method)
	at java.net.URLClassLoader.findClass(URLClassLoader.java:188)
	at java.lang.ClassLoader.loadClass(ClassLoader.java:307)
	at sun.misc.Launcher$AppClassLoader.loadClass(Launcher.java:268)
	at java.lang.ClassLoader.loadClass(ClassLoader.java:252)
	at java.lang.ClassLoader.loadClassInternal(ClassLoader.java:320)
	at java.lang.Class.forName0(Native Method)
	at java.lang.Class.forName(Class.java:164)
</error>
  <system-out><![CDATA[]]></system-out>
  <system-err><![CDATA[]]></system-err>
</testsuite>
